[debug] [2020-05-18T13:24:25.360Z] ----------------------------------------------------------------------
[debug] [2020-05-18T13:24:25.363Z] Command:       C:\Program Files\nodejs\node.exe C:\Users\conne\AppData\Roaming\npm\node_modules\firebase-tools\lib\bin\firebase.js deploy
[debug] [2020-05-18T13:24:25.363Z] CLI Version:   8.2.0
[debug] [2020-05-18T13:24:25.363Z] Platform:      win32
[debug] [2020-05-18T13:24:25.363Z] Node Version:  v12.16.3
[debug] [2020-05-18T13:24:25.365Z] Time:          Mon May 18 2020 18:24:25 GMT+0500 (Pakistan Standard Time)
[debug] [2020-05-18T13:24:25.365Z] ----------------------------------------------------------------------
[debug] [2020-05-18T13:24:25.365Z] 
[debug] [2020-05-18T13:24:25.377Z] > command requires scopes: ["email","openid","https://www.googleapis.com/auth/cloudplatformprojects.readonly","https://www.googleapis.com/auth/firebase","https://www.googleapis.com/auth/cloud-platform"]
[debug] [2020-05-18T13:24:25.377Z] > authorizing via signed-in user
[debug] [2020-05-18T13:24:25.378Z] [iam] checking project crwn-clothing-6ff25 for permissions ["datastore.indexes.create","datastore.indexes.delete","datastore.indexes.list","datastore.indexes.update","firebase.projects.get","firebasehosting.sites.update"]
[debug] [2020-05-18T13:24:25.382Z] >>> HTTP REQUEST POST https://cloudresourcemanager.googleapis.com/v1/projects/crwn-clothing-6ff25:testIamPermissions  
 {"permissions":["datastore.indexes.create","datastore.indexes.delete","datastore.indexes.list","datastore.indexes.update","firebase.projects.get","firebasehosting.sites.update"]}
[debug] [2020-05-18T13:24:26.842Z] <<< HTTP RESPONSE 200 {"content-type":"application/json; charset=UTF-8","vary":"X-Origin, Referer, Origin,Accept-Encoding","date":"Mon, 18 May 2020 13:24:24 GMT","server":"ESF","cache-control":"private","x-xss-protection":"0","x-frame-options":"SAMEORIGIN","x-content-type-options":"nosniff","server-timing":"gfet4t7; dur=1208","alt-svc":"h3-27=\":443\"; ma=2592000,h3-25=\":443\"; ma=2592000,h3-T050=\":443\"; ma=2592000,h3-Q050=\":443\"; ma=2592000,h3-Q049=\":443\"; ma=2592000,h3-Q048=\":443\"; ma=2592000,h3-Q046=\":443\"; ma=2592000,h3-Q043=\":443\"; ma=2592000,quic=\":443\"; ma=2592000; v=\"46,43\"","accept-ranges":"none","transfer-encoding":"chunked"}
[debug] [2020-05-18T13:24:26.854Z] >>> HTTP REQUEST GET https://firebase.googleapis.com/v1beta1/projects/crwn-clothing-6ff25  
 
[debug] [2020-05-18T13:24:27.362Z] <<< HTTP RESPONSE 200 {"content-type":"application/json; charset=UTF-8","vary":"X-Origin, Referer, Origin,Accept-Encoding","date":"Mon, 18 May 2020 13:24:24 GMT","server":"ESF","cache-control":"private","x-xss-protection":"0","x-frame-options":"SAMEORIGIN","x-content-type-options":"nosniff","alt-svc":"h3-27=\":443\"; ma=2592000,h3-25=\":443\"; ma=2592000,h3-T050=\":443\"; ma=2592000,h3-Q050=\":443\"; ma=2592000,h3-Q049=\":443\"; ma=2592000,h3-Q048=\":443\"; ma=2592000,h3-Q046=\":443\"; ma=2592000,h3-Q043=\":443\"; ma=2592000,quic=\":443\"; ma=2592000; v=\"46,43\"","accept-ranges":"none","transfer-encoding":"chunked"}
[info] 
[info] === Deploying to 'crwn-clothing-6ff25'...
[info] 
[info] i  deploying firestore, hosting
[info] i  firestore: reading indexes from firestore.indexes.json...
[info] i  cloud.firestore: checking firestore.rules for compilation errors...
[debug] [2020-05-18T13:24:27.455Z] >>> HTTP REQUEST POST https://firebaserules.googleapis.com/v1/projects/crwn-clothing-6ff25:test  
 {"source":{"files":[{"name":"firestore.rules","content":"rules_version = '2';\nservice cloud.firestore {\n  match /databases/{database}/documents {\n\n    // This rule allows anyone on the internet to view, edit, and delete\n    // all data in your Firestore database. It is useful for getting\n    // started, but it is configured to expire after 30 days because it\n    // leaves your app open to attackers. At that time, all client\n    // requests to your Firestore database will be denied.\n    //\n    // Make sure to write security rules for your app before that time, or else\n    // your app will lose access to your Firestore database\n    match /{document=**} {\n      allow read, write: if request.time < timestamp.date(2020, 6, 17);\n    }\n  }\n}"}]}}
[debug] [2020-05-18T13:24:28.549Z] <<< HTTP RESPONSE 200 {"content-type":"application/json; charset=UTF-8","vary":"X-Origin, Referer, Origin,Accept-Encoding","date":"Mon, 18 May 2020 13:24:26 GMT","server":"ESF","cache-control":"private","x-xss-protection":"0","x-frame-options":"SAMEORIGIN","x-content-type-options":"nosniff","alt-svc":"h3-27=\":443\"; ma=2592000,h3-25=\":443\"; ma=2592000,h3-T050=\":443\"; ma=2592000,h3-Q050=\":443\"; ma=2592000,h3-Q049=\":443\"; ma=2592000,h3-Q048=\":443\"; ma=2592000,h3-Q046=\":443\"; ma=2592000,h3-Q043=\":443\"; ma=2592000,quic=\":443\"; ma=2592000; v=\"46,43\"","accept-ranges":"none","transfer-encoding":"chunked"}
[info] +  cloud.firestore: rules file firestore.rules compiled successfully
[debug] [2020-05-18T13:24:28.557Z] >>> HTTP REQUEST POST https://firebasehosting.googleapis.com/v1beta1/sites/crwn-clothing-6ff25/versions  
 {"config":{},"labels":{"deployment-tool":"cli-firebase"}}
[debug] [2020-05-18T13:24:31.109Z] <<< HTTP RESPONSE 200 {"content-type":"application/json; charset=UTF-8","vary":"X-Origin, Referer, Origin,Accept-Encoding","date":"Mon, 18 May 2020 13:24:28 GMT","server":"ESF","cache-control":"private","x-xss-protection":"0","x-frame-options":"SAMEORIGIN","x-content-type-options":"nosniff","alt-svc":"h3-27=\":443\"; ma=2592000,h3-25=\":443\"; ma=2592000,h3-T050=\":443\"; ma=2592000,h3-Q050=\":443\"; ma=2592000,h3-Q049=\":443\"; ma=2592000,h3-Q048=\":443\"; ma=2592000,h3-Q046=\":443\"; ma=2592000,h3-Q043=\":443\"; ma=2592000,quic=\":443\"; ma=2592000; v=\"46,43\"","accept-ranges":"none","transfer-encoding":"chunked"}
[debug] [2020-05-18T13:24:31.119Z] >>> HTTP REQUEST GET https://firebaserules.googleapis.com/v1/projects/crwn-clothing-6ff25/releases?pageSize=10&pageToken=  
 
[debug] [2020-05-18T13:24:31.121Z] >>> HTTP REQUEST GET https://firestore.googleapis.com/v1beta2/projects/crwn-clothing-6ff25/databases/(default)/collectionGroups/-/indexes  
 
[debug] [2020-05-18T13:24:31.565Z] <<< HTTP RESPONSE 200 {"content-type":"application/json; charset=UTF-8","vary":"X-Origin, Referer, Origin,Accept-Encoding","date":"Mon, 18 May 2020 13:24:29 GMT","server":"ESF","cache-control":"private","x-xss-protection":"0","x-frame-options":"SAMEORIGIN","x-content-type-options":"nosniff","alt-svc":"h3-27=\":443\"; ma=2592000,h3-25=\":443\"; ma=2592000,h3-T050=\":443\"; ma=2592000,h3-Q050=\":443\"; ma=2592000,h3-Q049=\":443\"; ma=2592000,h3-Q048=\":443\"; ma=2592000,h3-Q046=\":443\"; ma=2592000,h3-Q043=\":443\"; ma=2592000,quic=\":443\"; ma=2592000; v=\"46,43\"","accept-ranges":"none","transfer-encoding":"chunked"}
[debug] [2020-05-18T13:24:31.570Z] >>> HTTP REQUEST GET https://firebaserules.googleapis.com/v1/projects/crwn-clothing-6ff25/rulesets/65bec705-0120-4a63-830c-793bbad059d8  
 
[debug] [2020-05-18T13:24:32.211Z] <<< HTTP RESPONSE 200 {"content-type":"application/json; charset=UTF-8","vary":"X-Origin, Referer, Origin,Accept-Encoding","date":"Mon, 18 May 2020 13:24:29 GMT","server":"ESF","cache-control":"private","x-xss-protection":"0","x-frame-options":"SAMEORIGIN","x-content-type-options":"nosniff","alt-svc":"h3-27=\":443\"; ma=2592000,h3-25=\":443\"; ma=2592000,h3-T050=\":443\"; ma=2592000,h3-Q050=\":443\"; ma=2592000,h3-Q049=\":443\"; ma=2592000,h3-Q048=\":443\"; ma=2592000,h3-Q046=\":443\"; ma=2592000,h3-Q043=\":443\"; ma=2592000,quic=\":443\"; ma=2592000; v=\"46,43\"","accept-ranges":"none","transfer-encoding":"chunked"}
[debug] [2020-05-18T13:24:32.213Z] >>> HTTP REQUEST GET https://firestore.googleapis.com/v1beta2/projects/crwn-clothing-6ff25/databases/(default)/collectionGroups/-/fields?filter=indexConfig.usesAncestorConfig=false  
 
[debug] [2020-05-18T13:24:32.510Z] <<< HTTP RESPONSE 200 {"content-type":"application/json; charset=UTF-8","vary":"X-Origin, Referer, Origin,Accept-Encoding","date":"Mon, 18 May 2020 13:24:30 GMT","server":"ESF","cache-control":"private","x-xss-protection":"0","x-frame-options":"SAMEORIGIN","x-content-type-options":"nosniff","alt-svc":"h3-27=\":443\"; ma=2592000,h3-25=\":443\"; ma=2592000,h3-T050=\":443\"; ma=2592000,h3-Q050=\":443\"; ma=2592000,h3-Q049=\":443\"; ma=2592000,h3-Q048=\":443\"; ma=2592000,h3-Q046=\":443\"; ma=2592000,h3-Q043=\":443\"; ma=2592000,quic=\":443\"; ma=2592000; v=\"46,43\"","accept-ranges":"none","transfer-encoding":"chunked"}
[info] i  firestore: latest version of firestore.rules already up to date, skipping upload...
[debug] [2020-05-18T13:24:33.137Z] <<< HTTP RESPONSE 200 {"content-type":"application/json; charset=UTF-8","vary":"X-Origin, Referer, Origin,Accept-Encoding","date":"Mon, 18 May 2020 13:24:30 GMT","server":"ESF","cache-control":"private","x-xss-protection":"0","x-frame-options":"SAMEORIGIN","x-content-type-options":"nosniff","alt-svc":"h3-27=\":443\"; ma=2592000,h3-25=\":443\"; ma=2592000,h3-T050=\":443\"; ma=2592000,h3-Q050=\":443\"; ma=2592000,h3-Q049=\":443\"; ma=2592000,h3-Q048=\":443\"; ma=2592000,h3-Q046=\":443\"; ma=2592000,h3-Q043=\":443\"; ma=2592000,quic=\":443\"; ma=2592000; v=\"46,43\"","accept-ranges":"none","transfer-encoding":"chunked"}
[info] +  firestore: deployed indexes in firestore.indexes.json successfully
[info] i  hosting[crwn-clothing-6ff25]: beginning deploy...
[info] i  hosting[crwn-clothing-6ff25]: found 20 files in build
[debug] [2020-05-18T13:24:33.231Z] [hosting] hash cache [YnVpbGQ] stored for 20 files
[debug] [2020-05-18T13:24:33.232Z] [hosting][hash queue][FINAL] {"max":15,"min":1,"avg":1,"active":0,"complete":20,"success":20,"errored":0,"retried":0,"total":20,"elapsed":23}
[debug] [2020-05-18T13:24:33.233Z] >>> HTTP REQUEST POST https://firebasehosting.googleapis.com/v1beta1/sites/crwn-clothing-6ff25/versions/9ae4fc7fd0fc116b:populateFiles  
 <request body omitted>
[debug] [2020-05-18T13:24:35.238Z] <<< HTTP RESPONSE 200 {"content-type":"application/json; charset=UTF-8","vary":"X-Origin, Referer, Origin,Accept-Encoding","date":"Mon, 18 May 2020 13:24:32 GMT","server":"ESF","cache-control":"private","x-xss-protection":"0","x-frame-options":"SAMEORIGIN","x-content-type-options":"nosniff","alt-svc":"h3-27=\":443\"; ma=2592000,h3-25=\":443\"; ma=2592000,h3-T050=\":443\"; ma=2592000,h3-Q050=\":443\"; ma=2592000,h3-Q049=\":443\"; ma=2592000,h3-Q048=\":443\"; ma=2592000,h3-Q046=\":443\"; ma=2592000,h3-Q043=\":443\"; ma=2592000,quic=\":443\"; ma=2592000; v=\"46,43\"","accept-ranges":"none","transfer-encoding":"chunked"}
[debug] [2020-05-18T13:24:35.240Z] [hosting][populate queue][FINAL] {"max":2013,"min":2013,"avg":2013,"active":0,"complete":1,"success":1,"errored":0,"retried":0,"total":1,"elapsed":2013}
[debug] [2020-05-18T13:24:35.241Z] [hosting] uploads queued: 0
[debug] [2020-05-18T13:24:35.242Z] [hosting][upload queue][FINAL] {"max":0,"min":9999999999,"avg":0,"active":0,"complete":0,"success":0,"errored":0,"retried":0,"total":0,"elapsed":1589808275242}
[info] +  hosting[crwn-clothing-6ff25]: file upload complete
[debug] [2020-05-18T13:24:35.247Z] [hosting] deploy completed after 2103ms
[debug] [2020-05-18T13:24:35.639Z] [rules] releasing cloud.firestore with ruleset projects/crwn-clothing-6ff25/rulesets/65bec705-0120-4a63-830c-793bbad059d8
[debug] [2020-05-18T13:24:35.641Z] >>> HTTP REQUEST PATCH https://firebaserules.googleapis.com/v1/projects/crwn-clothing-6ff25/releases/cloud.firestore  
 {"release":{"name":"projects/crwn-clothing-6ff25/releases/cloud.firestore","rulesetName":"projects/crwn-clothing-6ff25/rulesets/65bec705-0120-4a63-830c-793bbad059d8"}}
[debug] [2020-05-18T13:24:36.255Z] <<< HTTP RESPONSE 200 {"content-type":"application/json; charset=UTF-8","vary":"X-Origin, Referer, Origin,Accept-Encoding","date":"Mon, 18 May 2020 13:24:33 GMT","server":"ESF","cache-control":"private","x-xss-protection":"0","x-frame-options":"SAMEORIGIN","x-content-type-options":"nosniff","alt-svc":"h3-27=\":443\"; ma=2592000,h3-25=\":443\"; ma=2592000,h3-T050=\":443\"; ma=2592000,h3-Q050=\":443\"; ma=2592000,h3-Q049=\":443\"; ma=2592000,h3-Q048=\":443\"; ma=2592000,h3-Q046=\":443\"; ma=2592000,h3-Q043=\":443\"; ma=2592000,quic=\":443\"; ma=2592000; v=\"46,43\"","accept-ranges":"none","transfer-encoding":"chunked"}
[debug] [2020-05-18T13:24:36.256Z] [rules] updated release projects/crwn-clothing-6ff25/releases/cloud.firestore
[info] +  firestore: released rules firestore.rules to cloud.firestore
[debug] [2020-05-18T13:24:36.260Z] [
  {
    "config": {
      "public": "build",
      "ignore": [
        "firebase.json",
        "**/.*",
        "**/node_modules/**"
      ],
      "site": "crwn-clothing-6ff25"
    },
    "site": "crwn-clothing-6ff25",
    "version": "sites/crwn-clothing-6ff25/versions/9ae4fc7fd0fc116b"
  }
]
[info] i  hosting[crwn-clothing-6ff25]: finalizing version...
[debug] [2020-05-18T13:24:36.263Z] >>> HTTP REQUEST PATCH https://firebasehosting.googleapis.com/v1beta1/sites/crwn-clothing-6ff25/versions/9ae4fc7fd0fc116b?updateMask=status  
 {"status":"FINALIZED"}
